Base path: C:/Program Files/Unity/Editor/Data
Cmd: initializeCompiler
Cmd: preprocess
  insize=670 outsize=254 ok=1
Cmd: preprocess
  insize=1501 outsize=406 ok=1
Cmd: preprocess
  insize=412 outsize=409 ok=1
Cmd: preprocess
  insize=859 outsize=386 ok=1
Cmd: preprocess
  insize=21175 outsize=3229 ok=1
Cmd: compileSnippet
  error: 2 plat 4 at (275): syntax error: unexpected token ';'\nCompiling Vertex program with POINT LIGHTMAP_OFF DIRLIGHTMAP_OFF DYNAMICLIGHTMAP_OFF
Platform defines: UNITY_ENABLE_REFLECTION_BUFFERS UNITY_USE_DITHER_MASK_FOR_ALPHABLENDED_SHADOWS UNITY_PBS_USE_BRDF1 UNITY_SPECCUBE_BOX_PROJECTION UNITY_SPECCUBE_BLENDING UNITY_ENABLE_DETAIL_NORMALMAP SHADER_API_DESKTOP UNITY_COLORSPACE_GAMMA UNITY_LIGHT_PROBE_PROXY_VOLUME UNITY_LIGHTMAP_RGBM_ENCODING
  api=4 type=0 insize=6511 outsize=0 kw=POINT LIGHTMAP_OFF DIRLIGHTMAP_OFF DYNAMICLIGHTMAP_OFF pd=UNITY_ENABLE_REFLECTION_BUFFERS UNITY_USE_DITHER_MASK_FOR_ALPHABLENDED_SHADOWS UNITY_PBS_USE_BRDF1 UNITY_SPECCUBE_BOX_PROJECTION UNITY_SPECCUBE_BLENDING UNITY_ENABLE_DETAIL_NORMALMAP SHADER_API_DESKTOP UNITY_COLORSPACE_GAMMA UNITY_LIGHT_PROBE_PROXY_VOLUME UNITY_LIGHTMAP_RGBM_ENCODING ok=0
Cmd: preprocess
  insize=514 outsize=1318 ok=1
Cmd: preprocess
  insize=992 outsize=953 ok=1
Cmd: preprocess
  insize=1070 outsize=1436 ok=1
Cmd: preprocess
  insize=767 outsize=315 ok=1
Cmd: preprocess
  insize=563 outsize=231 ok=1
Cmd: preprocess
  insize=2173 outsize=502 ok=1
Cmd: preprocess
  insize=720 outsize=230 ok=1
Cmd: preprocess
  insize=5005 outsize=715 ok=1
Cmd: preprocess
  insize=715 outsize=355 ok=1
Cmd: preprocess
  insize=927 outsize=367 ok=1
Cmd: preprocess
  insize=1460 outsize=401 ok=1
Cmd: preprocess
  insize=2573 outsize=603 ok=1
Cmd: preprocess
  insize=5070 outsize=3719 ok=1
Cmd: preprocess
  insize=895 outsize=359 ok=1
Cmd: preprocess
  insize=2062 outsize=502 ok=1
Cmd: preprocess
  insize=955 outsize=299 ok=1
Cmd: preprocess
  insize=1505 outsize=1237 ok=1
Cmd: preprocess
  insize=4132 outsize=582 ok=1
Cmd: preprocess
  insize=1527 outsize=389 ok=1
Cmd: initializeCompiler
Cmd: initializeCompiler
Cmd: initializeCompiler
Cmd: initializeCompiler
Cmd: initializeCompiler
Cmd: initializeCompiler
